Traceback (most recent call last):
  File "/usr/local/lib/python3.12/dist-packages/jupyter_cache/executors/utils.py", line 58, in single_nb_execution
    executenb(
  File "/usr/local/lib/python3.12/dist-packages/nbclient/client.py", line 1305, in execute
    return NotebookClient(nb=nb, resources=resources, km=km, **kwargs).execute()
           ^^^^^^^^^^^^^^^^^^^^^^^^^^^^^^^^^^^^^^^^^^^^^^^^^^^^^^^^^^^^^^^^^^^^^
  File "/usr/local/lib/python3.12/dist-packages/jupyter_core/utils/__init__.py", line 165, in wrapped
    return loop.run_until_complete(inner)
           ^^^^^^^^^^^^^^^^^^^^^^^^^^^^^^
  File "/usr/lib/python3.12/asyncio/base_events.py", line 691, in run_until_complete
    return future.result()
           ^^^^^^^^^^^^^^^
  File "/usr/local/lib/python3.12/dist-packages/nbclient/client.py", line 705, in async_execute
    await self.async_execute_cell(
  File "/usr/local/lib/python3.12/dist-packages/nbclient/client.py", line 1058, in async_execute_cell
    await self._check_raise_for_error(cell, cell_index, exec_reply)
  File "/usr/local/lib/python3.12/dist-packages/nbclient/client.py", line 914, in _check_raise_for_error
    raise CellExecutionError.from_cell_and_msg(cell, exec_reply_content)
nbclient.exceptions.CellExecutionError: An error occurred while executing the following cell:
------------------
base_dir = "dataset2/train"
data = []

for speaker in os.listdir(base_dir):
    speaker_path = os.path.join(base_dir, speaker)
    if not os.path.isdir(speaker_path):
        continue

    for label in os.listdir(speaker_path):
        label_path = os.path.join(speaker_path, label)
        if not os.path.isdir(label_path):
            continue

        for file_name in tqdm(os.listdir(label_path), desc=f"{speaker}-{label}"):
            if file_name.endswith(".wav"):
                file_path = os.path.join(label_path, file_name)
                features = extract_features(file_path)
                if features:
                    features['speaker'] = speaker
                    features['label'] = label
                    features['file_path'] = file_path
                    data.append(features)

------------------


[0;31m---------------------------------------------------------------------------[0m
[0;31mFileNotFoundError[0m                         Traceback (most recent call last)
[0;32m/tmp/ipython-input-1708640678.py[0m in [0;36m<cell line: 0>[0;34m()[0m
[1;32m      2[0m [0mdata[0m [0;34m=[0m [0;34m[[0m[0;34m][0m[0;34m[0m[0;34m[0m[0m
[1;32m      3[0m [0;34m[0m[0m
[0;32m----> 4[0;31m [0;32mfor[0m [0mspeaker[0m [0;32min[0m [0mos[0m[0;34m.[0m[0mlistdir[0m[0;34m([0m[0mbase_dir[0m[0;34m)[0m[0;34m:[0m[0;34m[0m[0;34m[0m[0m
[0m[1;32m      5[0m     [0mspeaker_path[0m [0;34m=[0m [0mos[0m[0;34m.[0m[0mpath[0m[0;34m.[0m[0mjoin[0m[0;34m([0m[0mbase_dir[0m[0;34m,[0m [0mspeaker[0m[0;34m)[0m[0;34m[0m[0;34m[0m[0m
[1;32m      6[0m     [0;32mif[0m [0;32mnot[0m [0mos[0m[0;34m.[0m[0mpath[0m[0;34m.[0m[0misdir[0m[0;34m([0m[0mspeaker_path[0m[0;34m)[0m[0;34m:[0m[0;34m[0m[0;34m[0m[0m

[0;31mFileNotFoundError[0m: [Errno 2] No such file or directory: 'dataset2/train'

